<html>
<head>
<title>TestNG:  Surefire test</title>
<link href="../testng.css" rel="stylesheet" type="text/css" />
<link href="../my-testng.css" rel="stylesheet" type="text/css" />

<style type="text/css">
.log { display: none;} 
.stack-trace { display: none;} 
</style>
<script type="text/javascript">
<!--
function flip(e) {
  current = e.style.display;
  if (current == 'block') {
    e.style.display = 'none';
    return 0;
  }
  else {
    e.style.display = 'block';
    return 1;
  }
}

function toggleBox(szDivId, elem, msg1, msg2)
{
  var res = -1;  if (document.getElementById) {
    res = flip(document.getElementById(szDivId));
  }
  else if (document.all) {
    // this is the way old msie versions work
    res = flip(document.all[szDivId]);
  }
  if(elem) {
    if(res == 0) elem.innerHTML = msg1; else elem.innerHTML = msg2;
  }

}

function toggleAllBoxes() {
  if (document.getElementsByTagName) {
    d = document.getElementsByTagName('div');
    for (i = 0; i < d.length; i++) {
      if (d[i].className == 'log') {
        flip(d[i]);
      }
    }
  }
}

// -->
</script>

</head>
<body>
<h2 align='center'>Surefire test</h2><table border='1' align="center">
<tr>
<td>Tests passed/Failed/Skipped:</td><td>14/2/0</td>
</tr><tr>
<td>Started on:</td><td>Mon Nov 10 14:27:00 GMT 2025</td>
</tr>
<tr><td>Total time:</td><td>365 seconds (365946 ms)</td>
</tr><tr>
<td>Included groups:</td><td></td>
</tr><tr>
<td>Excluded groups:</td><td></td>
</tr>
</table><p/>
<small><i>(Hover the method name to see the test class name)</i></small><p/>
<table width='100%' border='1' class='invocation-failed'>
<tr><td colspan='4' align='center'><b>FAILED TESTS</b></td></tr>
<tr><td><b>Test method</b></td>
<td><b>Attribute(s)</b></td>
<td width="30%"><b>Exception</b></td>
<td width="10%"><b>Time (seconds)</b></td>
<td><b>Instance</b></td>
</tr>
<tr>
<td title='runners.TestRunner.runScenario()'><b>runScenario</b><br>Test class: runners.TestRunner<br>Test method: Runs Cucumber Scenarios<br>Parameters: "Place Order Register while Checkout", "Create, Verify and Delete the created account"</td>
<td><div><pre>org.openqa.selenium.TimeoutException: java.util.concurrent.TimeoutException
Build info: version: &apos;4.36.0&apos;, revision: &apos;6d115cfd87&apos;
System info: os.name: &apos;Mac OS X&apos;, os.arch: &apos;aarch64&apos;, os.version: &apos;26.1&apos;, java.version: &apos;23.0.2&apos;
Driver info: org.openqa.selenium.chrome.ChromeDriver
Command: [606b5bcb78fc87c5e1ed662ff9d10a30, clickElement {id=f.6B674E579E05AC39E45CB70B7D639EFB.d.BDE494C28369478860D968B20A3E7F48.e.459}]
Capabilities {acceptInsecureCerts: false, browserName: chrome, browserVersion: 142.0.7444.60, chrome: {chromedriverVersion: 142.0.7444.61 (9884f628acbc..., userDataDir: /var/folders/fq/g0kvv0p944x...}, fedcm:accounts: true, goog:chromeOptions: {debuggerAddress: localhost:58746}, goog:processID: 52138, networkConnectionEnabled: false, pageLoadStrategy: normal, platformName: mac, proxy: Proxy(), se:cdp: ws://localhost:58746/devtoo..., se:cdpVersion: 142.0.7444.60, setWindowRect: true, strictFileInteractability: false, timeouts: {implicit: 0, pageLoad: 300000, script: 30000}, unhandledPromptBehavior: dismiss and notify, webauthn:extension:credBlob: true, webauthn:extension:largeBlob: true, webauthn:extension:minPinLength: true, webauthn:extension:prf: true, webauthn:virtualAuthenticators: true}
Element: [[ChromeDriver: chrome on mac (606b5bcb78fc87c5e1ed662ff9d10a30)] -&gt; link text: Place Order]
Session ID: 606b5bcb78fc87c5e1ed662ff9d10a30
	at org.openqa.selenium.remote.http.jdk.JdkHttpClient.execute(JdkHttpClient.java:427)
	at org.openqa.selenium.remote.HttpCommandExecutor.execute(HttpCommandExecutor.java:212)
	at org.openqa.selenium.remote.service.DriverCommandExecutor.invokeExecute(DriverCommandExecutor.java:216)
	at org.openqa.selenium.remote.service.DriverCommandExecutor.execute(DriverCommandExecutor.java:174)
	at org.openqa.selenium.remote.RemoteWebDriver.execute(RemoteWebDriver.java:557)
	at org.openqa.selenium.remote.RemoteWebElement.execute(RemoteWebElement.java:223)
	at org.openqa.selenium.remote.RemoteWebElement.click(RemoteWebElement.java:76)
	at testCase.pages.CartPage.enterDescriptionInCart(CartPage.java:239)
	at testCase.stepdefinition.NewDeleteUserStepDef.enterDescriptionInCommentTextAreaAndClickPlaceOrder(NewDeleteUserStepDef.java:126)
	at ✽.Enter description in &quot;deliver it soon&quot; text area and click Place Order(file:///Users/rahulbalashanmugam/eclipse-workspace/Learning/Test-Case-1-Register-User/src/test/java/testCase/features/registrationanddelete.feature:49)
Caused by: java.util.concurrent.TimeoutException
	at java.base/java.util.concurrent.CompletableFuture$Timeout.run(CompletableFuture.java:2964)
	at java.base/java.util.concurrent.Executors$RunnableAdapter.call(Executors.java:572)
	at java.base/java.util.concurrent.FutureTask.run(FutureTask.java:317)
	at java.base/java.util.concurrent.ScheduledThreadPoolExecutor$ScheduledFutureTask.run(ScheduledThreadPoolExecutor.java:304)
	at java.base/java.util.concurrent.ThreadPoolExecutor.runWorker(ThreadPoolExecutor.java:1144)
	at java.base/java.util.concurrent.ThreadPoolExecutor$Worker.run(ThreadPoolExecutor.java:642)
	at java.base/java.lang.Thread.run(Thread.java:1575)
</pre></div><a href='#' onClick='toggleBox("stack-trace2129898017", this, "Click to show all stack frames", "Click to hide stack frames")'>Click to show all stack frames</a>
<div class='stack-trace' id='stack-trace2129898017'><pre>org.openqa.selenium.TimeoutException: java.util.concurrent.TimeoutException
Build info: version: &apos;4.36.0&apos;, revision: &apos;6d115cfd87&apos;
System info: os.name: &apos;Mac OS X&apos;, os.arch: &apos;aarch64&apos;, os.version: &apos;26.1&apos;, java.version: &apos;23.0.2&apos;
Driver info: org.openqa.selenium.chrome.ChromeDriver
Command: [606b5bcb78fc87c5e1ed662ff9d10a30, clickElement {id=f.6B674E579E05AC39E45CB70B7D639EFB.d.BDE494C28369478860D968B20A3E7F48.e.459}]
Capabilities {acceptInsecureCerts: false, browserName: chrome, browserVersion: 142.0.7444.60, chrome: {chromedriverVersion: 142.0.7444.61 (9884f628acbc..., userDataDir: /var/folders/fq/g0kvv0p944x...}, fedcm:accounts: true, goog:chromeOptions: {debuggerAddress: localhost:58746}, goog:processID: 52138, networkConnectionEnabled: false, pageLoadStrategy: normal, platformName: mac, proxy: Proxy(), se:cdp: ws://localhost:58746/devtoo..., se:cdpVersion: 142.0.7444.60, setWindowRect: true, strictFileInteractability: false, timeouts: {implicit: 0, pageLoad: 300000, script: 30000}, unhandledPromptBehavior: dismiss and notify, webauthn:extension:credBlob: true, webauthn:extension:largeBlob: true, webauthn:extension:minPinLength: true, webauthn:extension:prf: true, webauthn:virtualAuthenticators: true}
Element: [[ChromeDriver: chrome on mac (606b5bcb78fc87c5e1ed662ff9d10a30)] -&gt; link text: Place Order]
Session ID: 606b5bcb78fc87c5e1ed662ff9d10a30
	at org.openqa.selenium.remote.http.jdk.JdkHttpClient.execute(JdkHttpClient.java:427)
	at org.openqa.selenium.remote.HttpCommandExecutor.execute(HttpCommandExecutor.java:212)
	at org.openqa.selenium.remote.service.DriverCommandExecutor.invokeExecute(DriverCommandExecutor.java:216)
	at org.openqa.selenium.remote.service.DriverCommandExecutor.execute(DriverCommandExecutor.java:174)
	at org.openqa.selenium.remote.RemoteWebDriver.execute(RemoteWebDriver.java:557)
	at org.openqa.selenium.remote.RemoteWebElement.execute(RemoteWebElement.java:223)
	at org.openqa.selenium.remote.RemoteWebElement.click(RemoteWebElement.java:76)
	at testCase.pages.CartPage.enterDescriptionInCart(CartPage.java:239)
	at testCase.stepdefinition.NewDeleteUserStepDef.enterDescriptionInCommentTextAreaAndClickPlaceOrder(NewDeleteUserStepDef.java:126)
	at ✽.Enter description in &quot;deliver it soon&quot; text area and click Place Order(file:///Users/rahulbalashanmugam/eclipse-workspace/Learning/Test-Case-1-Register-User/src/test/java/testCase/features/registrationanddelete.feature:49)
Caused by: java.util.concurrent.TimeoutException
	at java.base/java.util.concurrent.CompletableFuture$Timeout.run(CompletableFuture.java:2964)
	at java.base/java.util.concurrent.Executors$RunnableAdapter.call(Executors.java:572)
	at java.base/java.util.concurrent.FutureTask.run(FutureTask.java:317)
	at java.base/java.util.concurrent.ScheduledThreadPoolExecutor$ScheduledFutureTask.run(ScheduledThreadPoolExecutor.java:304)
	at java.base/java.util.concurrent.ThreadPoolExecutor.runWorker(ThreadPoolExecutor.java:1144)
	at java.base/java.util.concurrent.ThreadPoolExecutor$Worker.run(ThreadPoolExecutor.java:642)
	at java.base/java.lang.Thread.run(Thread.java:1575)
</pre></div></td>
<td>231</td>
<td>runners.TestRunner@1139b2f3</td></tr>
<tr>
<td title='runners.TestRunner.runScenario()'><b>runScenario</b><br>Test class: runners.TestRunner<br>Test method: Runs Cucumber Scenarios<br>Parameters: "Verify Subscription in Cart page", "Testing the functions in cart"</td>
<td><div><pre>org.openqa.selenium.TimeoutException: Expected condition failed: waiting for visibility of element located by By.id: success-subscribe (tried for 10 second(s) with 500 milliseconds interval)
Build info: version: &apos;4.36.0&apos;, revision: &apos;6d115cfd87&apos;
System info: os.name: &apos;Mac OS X&apos;, os.arch: &apos;aarch64&apos;, os.version: &apos;26.1&apos;, java.version: &apos;23.0.2&apos;
Driver info: org.openqa.selenium.chrome.ChromeDriver
Capabilities {acceptInsecureCerts: false, browserName: chrome, browserVersion: 142.0.7444.60, chrome: {chromedriverVersion: 142.0.7444.61 (9884f628acbc..., userDataDir: /var/folders/fq/g0kvv0p944x...}, fedcm:accounts: true, goog:chromeOptions: {debuggerAddress: localhost:58364}, goog:processID: 51382, networkConnectionEnabled: false, pageLoadStrategy: normal, platformName: mac, proxy: Proxy(), se:cdp: ws://localhost:58364/devtoo..., se:cdpVersion: 142.0.7444.60, setWindowRect: true, strictFileInteractability: false, timeouts: {implicit: 0, pageLoad: 300000, script: 30000}, unhandledPromptBehavior: dismiss and notify, webauthn:extension:credBlob: true, webauthn:extension:largeBlob: true, webauthn:extension:minPinLength: true, webauthn:extension:prf: true, webauthn:virtualAuthenticators: true}
Session ID: 9c4927a22729d0598cce1f82d0ae083f
	at org.openqa.selenium.support.ui.WebDriverWait.timeoutException(WebDriverWait.java:84)
	at org.openqa.selenium.support.ui.FluentWait.until(FluentWait.java:228)
	at testCase.pages.CartPage.verifySuccessMessage(CartPage.java:53)
	at testCase.stepdefinition.CartStepDef.verifySuccessMessageYouHaveBeenSuccessfullySubscribedIsVisible(CartStepDef.java:38)
	at ✽.Verify success message &apos;You have been successfully subscribed!&apos; is visible(file:///Users/rahulbalashanmugam/eclipse-workspace/Learning/Test-Case-1-Register-User/src/test/java/testCase/features/cart.feature:10)
</pre></div><a href='#' onClick='toggleBox("stack-trace1268237485", this, "Click to show all stack frames", "Click to hide stack frames")'>Click to show all stack frames</a>
<div class='stack-trace' id='stack-trace1268237485'><pre>org.openqa.selenium.TimeoutException: Expected condition failed: waiting for visibility of element located by By.id: success-subscribe (tried for 10 second(s) with 500 milliseconds interval)
Build info: version: &apos;4.36.0&apos;, revision: &apos;6d115cfd87&apos;
System info: os.name: &apos;Mac OS X&apos;, os.arch: &apos;aarch64&apos;, os.version: &apos;26.1&apos;, java.version: &apos;23.0.2&apos;
Driver info: org.openqa.selenium.chrome.ChromeDriver
Capabilities {acceptInsecureCerts: false, browserName: chrome, browserVersion: 142.0.7444.60, chrome: {chromedriverVersion: 142.0.7444.61 (9884f628acbc..., userDataDir: /var/folders/fq/g0kvv0p944x...}, fedcm:accounts: true, goog:chromeOptions: {debuggerAddress: localhost:58364}, goog:processID: 51382, networkConnectionEnabled: false, pageLoadStrategy: normal, platformName: mac, proxy: Proxy(), se:cdp: ws://localhost:58364/devtoo..., se:cdpVersion: 142.0.7444.60, setWindowRect: true, strictFileInteractability: false, timeouts: {implicit: 0, pageLoad: 300000, script: 30000}, unhandledPromptBehavior: dismiss and notify, webauthn:extension:credBlob: true, webauthn:extension:largeBlob: true, webauthn:extension:minPinLength: true, webauthn:extension:prf: true, webauthn:virtualAuthenticators: true}
Session ID: 9c4927a22729d0598cce1f82d0ae083f
	at org.openqa.selenium.support.ui.WebDriverWait.timeoutException(WebDriverWait.java:84)
	at org.openqa.selenium.support.ui.FluentWait.until(FluentWait.java:228)
	at testCase.pages.CartPage.verifySuccessMessage(CartPage.java:53)
	at testCase.stepdefinition.CartStepDef.verifySuccessMessageYouHaveBeenSuccessfullySubscribedIsVisible(CartStepDef.java:38)
	at ✽.Verify success message &apos;You have been successfully subscribed!&apos; is visible(file:///Users/rahulbalashanmugam/eclipse-workspace/Learning/Test-Case-1-Register-User/src/test/java/testCase/features/cart.feature:10)
</pre></div></td>
<td>16</td>
<td>runners.TestRunner@1139b2f3</td></tr>
</table><p>
<table width='100%' border='1' class='invocation-passed'>
<tr><td colspan='4' align='center'><b>PASSED TESTS</b></td></tr>
<tr><td><b>Test method</b></td>
<td><b>Attribute(s)</b></td>
<td width="30%"><b>Exception</b></td>
<td width="10%"><b>Time (seconds)</b></td>
<td><b>Instance</b></td>
</tr>
<tr>
<td title='runners.TestRunner.runScenario()'><b>runScenario</b><br>Test class: runners.TestRunner<br>Test method: Runs Cucumber Scenarios<br>Parameters: "Register User with existing email", "Create, Verify and Delete the created account"</td>
<td></td>
<td>4</td>
<td>runners.TestRunner@1139b2f3</td></tr>
<tr>
<td title='runners.TestRunner.runScenario()'><b>runScenario</b><br>Test class: runners.TestRunner<br>Test method: Runs Cucumber Scenarios<br>Parameters: "Add Products in Cart", "Testing the functions in cart"</td>
<td></td>
<td>7</td>
<td>runners.TestRunner@1139b2f3</td></tr>
<tr>
<td title='runners.TestRunner.runScenario()'><b>runScenario</b><br>Test class: runners.TestRunner<br>Test method: Runs Cucumber Scenarios<br>Parameters: "Place Order Register while Checkout", "Create, Verify and Delete the created account"</td>
<td></td>
<td>16</td>
<td>runners.TestRunner@1139b2f3</td></tr>
<tr>
<td title='runners.TestRunner.runScenario()'><b>runScenario</b><br>Test class: runners.TestRunner<br>Test method: Runs Cucumber Scenarios<br>Parameters: "Login User with incorrect email and password", "Login and Logout the existing account"</td>
<td></td>
<td>5</td>
<td>runners.TestRunner@1139b2f3</td></tr>
<tr>
<td title='runners.TestRunner.runScenario()'><b>runScenario</b><br>Test class: runners.TestRunner<br>Test method: Runs Cucumber Scenarios<br>Parameters: "Verify searched product is listed", "Listing and Searching of Product"</td>
<td></td>
<td>6</td>
<td>runners.TestRunner@1139b2f3</td></tr>
<tr>
<td title='runners.TestRunner.runScenario()'><b>runScenario</b><br>Test class: runners.TestRunner<br>Test method: Runs Cucumber Scenarios<br>Parameters: "Registering the new user and delete the created user", "Create, Verify and Delete the created account"</td>
<td></td>
<td>9</td>
<td>runners.TestRunner@1139b2f3</td></tr>
<tr>
<td title='runners.TestRunner.runScenario()'><b>runScenario</b><br>Test class: runners.TestRunner<br>Test method: Runs Cucumber Scenarios<br>Parameters: "Remove Products From Cart", "Testing the functions in cart"</td>
<td></td>
<td>18</td>
<td>runners.TestRunner@1139b2f3</td></tr>
<tr>
<td title='runners.TestRunner.runScenario()'><b>runScenario</b><br>Test class: runners.TestRunner<br>Test method: Runs Cucumber Scenarios<br>Parameters: "Verify searched product is listed", "Listing and Searching of Product"</td>
<td></td>
<td>6</td>
<td>runners.TestRunner@1139b2f3</td></tr>
<tr>
<td title='runners.TestRunner.runScenario()'><b>runScenario</b><br>Test class: runners.TestRunner<br>Test method: Runs Cucumber Scenarios<br>Parameters: "Login and Logout with credentials", "Login and Logout the existing account"</td>
<td></td>
<td>7</td>
<td>runners.TestRunner@1139b2f3</td></tr>
<tr>
<td title='runners.TestRunner.runScenario()'><b>runScenario</b><br>Test class: runners.TestRunner<br>Test method: Runs Cucumber Scenarios<br>Parameters: "Registering the new user and delete the created user", "Create, Verify and Delete the created account"</td>
<td></td>
<td>10</td>
<td>runners.TestRunner@1139b2f3</td></tr>
<tr>
<td title='runners.TestRunner.runScenario()'><b>runScenario</b><br>Test class: runners.TestRunner<br>Test method: Runs Cucumber Scenarios<br>Parameters: "Verify Product quantity in Cart", "Testing the functions in cart"</td>
<td></td>
<td>5</td>
<td>runners.TestRunner@1139b2f3</td></tr>
<tr>
<td title='runners.TestRunner.runScenario()'><b>runScenario</b><br>Test class: runners.TestRunner<br>Test method: Runs Cucumber Scenarios<br>Parameters: "Verify searched product is listed", "Listing and Searching of Product"</td>
<td></td>
<td>6</td>
<td>runners.TestRunner@1139b2f3</td></tr>
<tr>
<td title='runners.TestRunner.runScenario()'><b>runScenario</b><br>Test class: runners.TestRunner<br>Test method: Runs Cucumber Scenarios<br>Parameters: "Verify navigation to different category and sub-category pages", "Listing and Searching of Product"</td>
<td></td>
<td>7</td>
<td>runners.TestRunner@1139b2f3</td></tr>
<tr>
<td title='runners.TestRunner.runScenario()'><b>runScenario</b><br>Test class: runners.TestRunner<br>Test method: Runs Cucumber Scenarios<br>Parameters: "Verify All Products and product detail page", "Listing and Searching of Product"</td>
<td></td>
<td>6</td>
<td>runners.TestRunner@1139b2f3</td></tr>
</table><p>
</body>
</html>